The system is: Linux - 3.10.0-1127.18.2.el7.x86_64 - x86_64
Compiling the C compiler identification source file "CMakeCCompilerId.c" succeeded.
Compiler: /hpc/spack/opt/spack/linux-centos7-x86_64/gcc-7.3.0/gcc-9.2.0-6zgrndxveon2m5mjhltrqccdcewrdktx/bin/gcc 
Build flags: 
Id flags: 

The output was:
0


Compilation of the C compiler identification source "CMakeCCompilerId.c" produced "a.out"

The C compiler identification is GNU, found in "/work/users/rmitra/profile/build/CMakeFiles/2.8.12.2/CompilerIdC/a.out"

Compiling the CXX compiler identification source file "CMakeCXXCompilerId.cpp" succeeded.
Compiler: /hpc/spack/opt/spack/linux-centos7-x86_64/gcc-7.3.0/gcc-9.2.0-6zgrndxveon2m5mjhltrqccdcewrdktx/bin/g++ 
Build flags: 
Id flags: 

The output was:
0


Compilation of the CXX compiler identification source "CMakeCXXCompilerId.cpp" produced "a.out"

The CXX compiler identification is GNU, found in "/work/users/rmitra/profile/build/CMakeFiles/2.8.12.2/CompilerIdCXX/a.out"

Determining if the C compiler works passed with the following output:
Change Dir: /work/users/rmitra/profile/build/CMakeFiles/CMakeTmp

Run Build Command:/usr/bin/gmake "cmTryCompileExec1598969299/fast"
/usr/bin/gmake -f CMakeFiles/cmTryCompileExec1598969299.dir/build.make CMakeFiles/cmTryCompileExec1598969299.dir/build
gmake[1]: Entering directory `/work/users/rmitra/profile/build/CMakeFiles/CMakeTmp'
/usr/bin/cmake -E cmake_progress_report /work/users/rmitra/profile/build/CMakeFiles/CMakeTmp/CMakeFiles 1
Building C object CMakeFiles/cmTryCompileExec1598969299.dir/testCCompiler.c.o
/hpc/spack/opt/spack/linux-centos7-x86_64/gcc-7.3.0/gcc-9.2.0-6zgrndxveon2m5mjhltrqccdcewrdktx/bin/gcc    -o CMakeFiles/cmTryCompileExec1598969299.dir/testCCompiler.c.o   -c /work/users/rmitra/profile/build/CMakeFiles/CMakeTmp/testCCompiler.c
Linking C executable cmTryCompileExec1598969299
/usr/bin/cmake -E cmake_link_script CMakeFiles/cmTryCompileExec1598969299.dir/link.txt --verbose=1
/hpc/spack/opt/spack/linux-centos7-x86_64/gcc-7.3.0/gcc-9.2.0-6zgrndxveon2m5mjhltrqccdcewrdktx/bin/gcc       CMakeFiles/cmTryCompileExec1598969299.dir/testCCompiler.c.o  -o cmTryCompileExec1598969299 -rdynamic 
gmake[1]: Leaving directory `/work/users/rmitra/profile/build/CMakeFiles/CMakeTmp'


Detecting C compiler ABI info compiled with the following output:
Change Dir: /work/users/rmitra/profile/build/CMakeFiles/CMakeTmp

Run Build Command:/usr/bin/gmake "cmTryCompileExec307919653/fast"
/usr/bin/gmake -f CMakeFiles/cmTryCompileExec307919653.dir/build.make CMakeFiles/cmTryCompileExec307919653.dir/build
gmake[1]: Entering directory `/work/users/rmitra/profile/build/CMakeFiles/CMakeTmp'
/usr/bin/cmake -E cmake_progress_report /work/users/rmitra/profile/build/CMakeFiles/CMakeTmp/CMakeFiles 1
Building C object CMakeFiles/cmTryCompileExec307919653.dir/CMakeCCompilerABI.c.o
/hpc/spack/opt/spack/linux-centos7-x86_64/gcc-7.3.0/gcc-9.2.0-6zgrndxveon2m5mjhltrqccdcewrdktx/bin/gcc    -o CMakeFiles/cmTryCompileExec307919653.dir/CMakeCCompilerABI.c.o   -c /usr/share/cmake/Modules/CMakeCCompilerABI.c
Linking C executable cmTryCompileExec307919653
/usr/bin/cmake -E cmake_link_script CMakeFiles/cmTryCompileExec307919653.dir/link.txt --verbose=1
/hpc/spack/opt/spack/linux-centos7-x86_64/gcc-7.3.0/gcc-9.2.0-6zgrndxveon2m5mjhltrqccdcewrdktx/bin/gcc     -v CMakeFiles/cmTryCompileExec307919653.dir/CMakeCCompilerABI.c.o  -o cmTryCompileExec307919653 -rdynamic  
Reading specs from /hpc/spack/opt/spack/linux-centos7-x86_64/gcc-7.3.0/gcc-9.2.0-6zgrndxveon2m5mjhltrqccdcewrdktx/lib/gcc/x86_64-pc-linux-gnu/9.2.0/specs
COLLECT_GCC=/hpc/spack/opt/spack/linux-centos7-x86_64/gcc-7.3.0/gcc-9.2.0-6zgrndxveon2m5mjhltrqccdcewrdktx/bin/gcc
COLLECT_LTO_WRAPPER=/hpc/spack/opt/spack/linux-centos7-x86_64/gcc-7.3.0/gcc-9.2.0-6zgrndxveon2m5mjhltrqccdcewrdktx/libexec/gcc/x86_64-pc-linux-gnu/9.2.0/lto-wrapper
Target: x86_64-pc-linux-gnu
Configured with: /tmp/spack/spack-stage/spack-stage-gcc-9.2.0-6zgrndxveon2m5mjhltrqccdcewrdktx/spack-src/configure --prefix=/hpc/spack/opt/spack/linux-centos7-x86_64/gcc-7.3.0/gcc-9.2.0-6zgrndxveon2m5mjhltrqccdcewrdktx --with-pkgversion='Spack GCC' --with-bugurl=https://github.com/spack/spack/issues --disable-multilib --enable-languages=c,c++,fortran --disable-nls --with-mpfr=/hpc/spack/opt/spack/linux-centos7-x86_64/gcc-7.3.0/mpfr-3.1.6-hfkhmuui5pe5nyaxf5uzsawbpgq2424q --with-gmp=/hpc/spack/opt/spack/linux-centos7-x86_64/gcc-7.3.0/gmp-6.1.2-gindjnfkjlgdtaetw4qztkd4g4yj45uw --with-system-zlib --with-mpc=/hpc/spack/opt/spack/linux-centos7-x86_64/gcc-7.3.0/mpc-1.1.0-k3fsdtbj3t5ienepptvznhgz2jfdr5xo --with-isl=/hpc/spack/opt/spack/linux-centos7-x86_64/gcc-7.3.0/isl-0.20-nzlsqayqp3iuwg7np7fx2gj5alhxkgjw
Thread model: posix
gcc version 9.2.0 (Spack GCC) 
COMPILER_PATH=/hpc/spack/opt/spack/linux-centos7-x86_64/gcc-7.3.0/gcc-9.2.0-6zgrndxveon2m5mjhltrqccdcewrdktx/libexec/gcc/x86_64-pc-linux-gnu/9.2.0/:/hpc/spack/opt/spack/linux-centos7-x86_64/gcc-7.3.0/gcc-9.2.0-6zgrndxveon2m5mjhltrqccdcewrdktx/libexec/gcc/x86_64-pc-linux-gnu/9.2.0/:/hpc/spack/opt/spack/linux-centos7-x86_64/gcc-7.3.0/gcc-9.2.0-6zgrndxveon2m5mjhltrqccdcewrdktx/libexec/gcc/x86_64-pc-linux-gnu/:/hpc/spack/opt/spack/linux-centos7-x86_64/gcc-7.3.0/gcc-9.2.0-6zgrndxveon2m5mjhltrqccdcewrdktx/lib/gcc/x86_64-pc-linux-gnu/9.2.0/:/hpc/spack/opt/spack/linux-centos7-x86_64/gcc-7.3.0/gcc-9.2.0-6zgrndxveon2m5mjhltrqccdcewrdktx/lib/gcc/x86_64-pc-linux-gnu/
LIBRARY_PATH=/hpc/spack/opt/spack/linux-centos7-x86_64/gcc-7.3.0/gcc-9.2.0-6zgrndxveon2m5mjhltrqccdcewrdktx/lib64/../lib64/:/hpc/spack/opt/spack/linux-centos7-x86_64/gcc-7.3.0/gcc-9.2.0-6zgrndxveon2m5mjhltrqccdcewrdktx/lib/../lib64/:/hpc/spack/opt/spack/linux-centos7-x86_64/gcc-7.3.0/gcc-9.2.0-6zgrndxveon2m5mjhltrqccdcewrdktx/lib/gcc/x86_64-pc-linux-gnu/9.2.0/:/hpc/spack/opt/spack/linux-centos7-x86_64/gcc-7.3.0/gcc-9.2.0-6zgrndxveon2m5mjhltrqccdcewrdktx/lib/gcc/x86_64-pc-linux-gnu/9.2.0/../../../../lib64/:/lib/../lib64/:/usr/lib/../lib64/:/hpc/spack/opt/spack/linux-centos7-x86_64/gcc-7.3.0/gcc-9.2.0-6zgrndxveon2m5mjhltrqccdcewrdktx/lib64/:/hpc/spack/opt/spack/linux-centos7-x86_64/gcc-7.3.0/gcc-9.2.0-6zgrndxveon2m5mjhltrqccdcewrdktx/lib/:/hpc/spack/opt/spack/linux-centos7-x86_64/gcc-7.3.0/gcc-9.2.0-6zgrndxveon2m5mjhltrqccdcewrdktx/lib/gcc/x86_64-pc-linux-gnu/9.2.0/../../../:/lib/:/usr/lib/
COLLECT_GCC_OPTIONS='-v' '-o' 'cmTryCompileExec307919653' '-rdynamic' '-mtune=generic' '-march=x86-64'
 /hpc/spack/opt/spack/linux-centos7-x86_64/gcc-7.3.0/gcc-9.2.0-6zgrndxveon2m5mjhltrqccdcewrdktx/libexec/gcc/x86_64-pc-linux-gnu/9.2.0/collect2 -plugin /hpc/spack/opt/spack/linux-centos7-x86_64/gcc-7.3.0/gcc-9.2.0-6zgrndxveon2m5mjhltrqccdcewrdktx/libexec/gcc/x86_64-pc-linux-gnu/9.2.0/liblto_plugin.so -plugin-opt=/hpc/spack/opt/spack/linux-centos7-x86_64/gcc-7.3.0/gcc-9.2.0-6zgrndxveon2m5mjhltrqccdcewrdktx/libexec/gcc/x86_64-pc-linux-gnu/9.2.0/lto-wrapper -plugin-opt=-fresolution=/tmp/ccXRYwY1.res -plugin-opt=-pass-through=-lgcc -plugin-opt=-pass-through=-lgcc_s -plugin-opt=-pass-through=-lc -plugin-opt=-pass-through=-lgcc -plugin-opt=-pass-through=-lgcc_s -rpath /hpc/spack/opt/spack/linux-centos7-x86_64/gcc-7.3.0/gcc-9.2.0-6zgrndxveon2m5mjhltrqccdcewrdktx/lib:/hpc/spack/opt/spack/linux-centos7-x86_64/gcc-7.3.0/gcc-9.2.0-6zgrndxveon2m5mjhltrqccdcewrdktx/lib64 --eh-frame-hdr -m elf_x86_64 -export-dynamic -dynamic-linker /lib64/ld-linux-x86-64.so.2 -o cmTryCompileExec307919653 /lib/../lib64/crt1.o /lib/../lib64/crti.o /hpc/spack/opt/spack/linux-centos7-x86_64/gcc-7.3.0/gcc-9.2.0-6zgrndxveon2m5mjhltrqccdcewrdktx/lib/gcc/x86_64-pc-linux-gnu/9.2.0/crtbegin.o -L/hpc/spack/opt/spack/linux-centos7-x86_64/gcc-7.3.0/gcc-9.2.0-6zgrndxveon2m5mjhltrqccdcewrdktx/lib64/../lib64 -L/hpc/spack/opt/spack/linux-centos7-x86_64/gcc-7.3.0/gcc-9.2.0-6zgrndxveon2m5mjhltrqccdcewrdktx/lib/../lib64 -L/hpc/spack/opt/spack/linux-centos7-x86_64/gcc-7.3.0/gcc-9.2.0-6zgrndxveon2m5mjhltrqccdcewrdktx/lib/gcc/x86_64-pc-linux-gnu/9.2.0 -L/hpc/spack/opt/spack/linux-centos7-x86_64/gcc-7.3.0/gcc-9.2.0-6zgrndxveon2m5mjhltrqccdcewrdktx/lib/gcc/x86_64-pc-linux-gnu/9.2.0/../../../../lib64 -L/lib/../lib64 -L/usr/lib/../lib64 -L/hpc/spack/opt/spack/linux-centos7-x86_64/gcc-7.3.0/gcc-9.2.0-6zgrndxveon2m5mjhltrqccdcewrdktx/lib64 -L/hpc/spack/opt/spack/linux-centos7-x86_64/gcc-7.3.0/gcc-9.2.0-6zgrndxveon2m5mjhltrqccdcewrdktx/lib -L/hpc/spack/opt/spack/linux-centos7-x86_64/gcc-7.3.0/gcc-9.2.0-6zgrndxveon2m5mjhltrqccdcewrdktx/lib/gcc/x86_64-pc-linux-gnu/9.2.0/../../.. CMakeFiles/cmTryCompileExec307919653.dir/CMakeCCompilerABI.c.o -lgcc --as-needed -lgcc_s --no-as-needed -lc -lgcc --as-needed -lgcc_s --no-as-needed /hpc/spack/opt/spack/linux-centos7-x86_64/gcc-7.3.0/gcc-9.2.0-6zgrndxveon2m5mjhltrqccdcewrdktx/lib/gcc/x86_64-pc-linux-gnu/9.2.0/crtend.o /lib/../lib64/crtn.o
COLLECT_GCC_OPTIONS='-v' '-o' 'cmTryCompileExec307919653' '-rdynamic' '-mtune=generic' '-march=x86-64'
gmake[1]: Leaving directory `/work/users/rmitra/profile/build/CMakeFiles/CMakeTmp'


Parsed C implicit link information from above output:
  link line regex: [^( *|.*[/\])(ld|([^/\]+-)?ld|collect2)[^/\]*( |$)]
  ignore line: [Change Dir: /work/users/rmitra/profile/build/CMakeFiles/CMakeTmp]
  ignore line: []
  ignore line: [Run Build Command:/usr/bin/gmake "cmTryCompileExec307919653/fast"]
  ignore line: [/usr/bin/gmake -f CMakeFiles/cmTryCompileExec307919653.dir/build.make CMakeFiles/cmTryCompileExec307919653.dir/build]
  ignore line: [gmake[1]: Entering directory `/work/users/rmitra/profile/build/CMakeFiles/CMakeTmp']
  ignore line: [/usr/bin/cmake -E cmake_progress_report /work/users/rmitra/profile/build/CMakeFiles/CMakeTmp/CMakeFiles 1]
  ignore line: [Building C object CMakeFiles/cmTryCompileExec307919653.dir/CMakeCCompilerABI.c.o]
  ignore line: [/hpc/spack/opt/spack/linux-centos7-x86_64/gcc-7.3.0/gcc-9.2.0-6zgrndxveon2m5mjhltrqccdcewrdktx/bin/gcc    -o CMakeFiles/cmTryCompileExec307919653.dir/CMakeCCompilerABI.c.o   -c /usr/share/cmake/Modules/CMakeCCompilerABI.c]
  ignore line: [Linking C executable cmTryCompileExec307919653]
  ignore line: [/usr/bin/cmake -E cmake_link_script CMakeFiles/cmTryCompileExec307919653.dir/link.txt --verbose=1]
  ignore line: [/hpc/spack/opt/spack/linux-centos7-x86_64/gcc-7.3.0/gcc-9.2.0-6zgrndxveon2m5mjhltrqccdcewrdktx/bin/gcc     -v CMakeFiles/cmTryCompileExec307919653.dir/CMakeCCompilerABI.c.o  -o cmTryCompileExec307919653 -rdynamic  ]
  ignore line: [Reading specs from /hpc/spack/opt/spack/linux-centos7-x86_64/gcc-7.3.0/gcc-9.2.0-6zgrndxveon2m5mjhltrqccdcewrdktx/lib/gcc/x86_64-pc-linux-gnu/9.2.0/specs]
  ignore line: [COLLECT_GCC=/hpc/spack/opt/spack/linux-centos7-x86_64/gcc-7.3.0/gcc-9.2.0-6zgrndxveon2m5mjhltrqccdcewrdktx/bin/gcc]
  ignore line: [COLLECT_LTO_WRAPPER=/hpc/spack/opt/spack/linux-centos7-x86_64/gcc-7.3.0/gcc-9.2.0-6zgrndxveon2m5mjhltrqccdcewrdktx/libexec/gcc/x86_64-pc-linux-gnu/9.2.0/lto-wrapper]
  ignore line: [Target: x86_64-pc-linux-gnu]
  ignore line: [Configured with: /tmp/spack/spack-stage/spack-stage-gcc-9.2.0-6zgrndxveon2m5mjhltrqccdcewrdktx/spack-src/configure --prefix=/hpc/spack/opt/spack/linux-centos7-x86_64/gcc-7.3.0/gcc-9.2.0-6zgrndxveon2m5mjhltrqccdcewrdktx --with-pkgversion='Spack GCC' --with-bugurl=https://github.com/spack/spack/issues --disable-multilib --enable-languages=c,c++,fortran --disable-nls --with-mpfr=/hpc/spack/opt/spack/linux-centos7-x86_64/gcc-7.3.0/mpfr-3.1.6-hfkhmuui5pe5nyaxf5uzsawbpgq2424q --with-gmp=/hpc/spack/opt/spack/linux-centos7-x86_64/gcc-7.3.0/gmp-6.1.2-gindjnfkjlgdtaetw4qztkd4g4yj45uw --with-system-zlib --with-mpc=/hpc/spack/opt/spack/linux-centos7-x86_64/gcc-7.3.0/mpc-1.1.0-k3fsdtbj3t5ienepptvznhgz2jfdr5xo --with-isl=/hpc/spack/opt/spack/linux-centos7-x86_64/gcc-7.3.0/isl-0.20-nzlsqayqp3iuwg7np7fx2gj5alhxkgjw]
  ignore line: [Thread model: posix]
  ignore line: [gcc version 9.2.0 (Spack GCC) ]
  ignore line: [COMPILER_PATH=/hpc/spack/opt/spack/linux-centos7-x86_64/gcc-7.3.0/gcc-9.2.0-6zgrndxveon2m5mjhltrqccdcewrdktx/libexec/gcc/x86_64-pc-linux-gnu/9.2.0/:/hpc/spack/opt/spack/linux-centos7-x86_64/gcc-7.3.0/gcc-9.2.0-6zgrndxveon2m5mjhltrqccdcewrdktx/libexec/gcc/x86_64-pc-linux-gnu/9.2.0/:/hpc/spack/opt/spack/linux-centos7-x86_64/gcc-7.3.0/gcc-9.2.0-6zgrndxveon2m5mjhltrqccdcewrdktx/libexec/gcc/x86_64-pc-linux-gnu/:/hpc/spack/opt/spack/linux-centos7-x86_64/gcc-7.3.0/gcc-9.2.0-6zgrndxveon2m5mjhltrqccdcewrdktx/lib/gcc/x86_64-pc-linux-gnu/9.2.0/:/hpc/spack/opt/spack/linux-centos7-x86_64/gcc-7.3.0/gcc-9.2.0-6zgrndxveon2m5mjhltrqccdcewrdktx/lib/gcc/x86_64-pc-linux-gnu/]
  ignore line: [LIBRARY_PATH=/hpc/spack/opt/spack/linux-centos7-x86_64/gcc-7.3.0/gcc-9.2.0-6zgrndxveon2m5mjhltrqccdcewrdktx/lib64/../lib64/:/hpc/spack/opt/spack/linux-centos7-x86_64/gcc-7.3.0/gcc-9.2.0-6zgrndxveon2m5mjhltrqccdcewrdktx/lib/../lib64/:/hpc/spack/opt/spack/linux-centos7-x86_64/gcc-7.3.0/gcc-9.2.0-6zgrndxveon2m5mjhltrqccdcewrdktx/lib/gcc/x86_64-pc-linux-gnu/9.2.0/:/hpc/spack/opt/spack/linux-centos7-x86_64/gcc-7.3.0/gcc-9.2.0-6zgrndxveon2m5mjhltrqccdcewrdktx/lib/gcc/x86_64-pc-linux-gnu/9.2.0/../../../../lib64/:/lib/../lib64/:/usr/lib/../lib64/:/hpc/spack/opt/spack/linux-centos7-x86_64/gcc-7.3.0/gcc-9.2.0-6zgrndxveon2m5mjhltrqccdcewrdktx/lib64/:/hpc/spack/opt/spack/linux-centos7-x86_64/gcc-7.3.0/gcc-9.2.0-6zgrndxveon2m5mjhltrqccdcewrdktx/lib/:/hpc/spack/opt/spack/linux-centos7-x86_64/gcc-7.3.0/gcc-9.2.0-6zgrndxveon2m5mjhltrqccdcewrdktx/lib/gcc/x86_64-pc-linux-gnu/9.2.0/../../../:/lib/:/usr/lib/]
  ignore line: [COLLECT_GCC_OPTIONS='-v' '-o' 'cmTryCompileExec307919653' '-rdynamic' '-mtune=generic' '-march=x86-64']
  link line: [ /hpc/spack/opt/spack/linux-centos7-x86_64/gcc-7.3.0/gcc-9.2.0-6zgrndxveon2m5mjhltrqccdcewrdktx/libexec/gcc/x86_64-pc-linux-gnu/9.2.0/collect2 -plugin /hpc/spack/opt/spack/linux-centos7-x86_64/gcc-7.3.0/gcc-9.2.0-6zgrndxveon2m5mjhltrqccdcewrdktx/libexec/gcc/x86_64-pc-linux-gnu/9.2.0/liblto_plugin.so -plugin-opt=/hpc/spack/opt/spack/linux-centos7-x86_64/gcc-7.3.0/gcc-9.2.0-6zgrndxveon2m5mjhltrqccdcewrdktx/libexec/gcc/x86_64-pc-linux-gnu/9.2.0/lto-wrapper -plugin-opt=-fresolution=/tmp/ccXRYwY1.res -plugin-opt=-pass-through=-lgcc -plugin-opt=-pass-through=-lgcc_s -plugin-opt=-pass-through=-lc -plugin-opt=-pass-through=-lgcc -plugin-opt=-pass-through=-lgcc_s -rpath /hpc/spack/opt/spack/linux-centos7-x86_64/gcc-7.3.0/gcc-9.2.0-6zgrndxveon2m5mjhltrqccdcewrdktx/lib:/hpc/spack/opt/spack/linux-centos7-x86_64/gcc-7.3.0/gcc-9.2.0-6zgrndxveon2m5mjhltrqccdcewrdktx/lib64 --eh-frame-hdr -m elf_x86_64 -export-dynamic -dynamic-linker /lib64/ld-linux-x86-64.so.2 -o cmTryCompileExec307919653 /lib/../lib64/crt1.o /lib/../lib64/crti.o /hpc/spack/opt/spack/linux-centos7-x86_64/gcc-7.3.0/gcc-9.2.0-6zgrndxveon2m5mjhltrqccdcewrdktx/lib/gcc/x86_64-pc-linux-gnu/9.2.0/crtbegin.o -L/hpc/spack/opt/spack/linux-centos7-x86_64/gcc-7.3.0/gcc-9.2.0-6zgrndxveon2m5mjhltrqccdcewrdktx/lib64/../lib64 -L/hpc/spack/opt/spack/linux-centos7-x86_64/gcc-7.3.0/gcc-9.2.0-6zgrndxveon2m5mjhltrqccdcewrdktx/lib/../lib64 -L/hpc/spack/opt/spack/linux-centos7-x86_64/gcc-7.3.0/gcc-9.2.0-6zgrndxveon2m5mjhltrqccdcewrdktx/lib/gcc/x86_64-pc-linux-gnu/9.2.0 -L/hpc/spack/opt/spack/linux-centos7-x86_64/gcc-7.3.0/gcc-9.2.0-6zgrndxveon2m5mjhltrqccdcewrdktx/lib/gcc/x86_64-pc-linux-gnu/9.2.0/../../../../lib64 -L/lib/../lib64 -L/usr/lib/../lib64 -L/hpc/spack/opt/spack/linux-centos7-x86_64/gcc-7.3.0/gcc-9.2.0-6zgrndxveon2m5mjhltrqccdcewrdktx/lib64 -L/hpc/spack/opt/spack/linux-centos7-x86_64/gcc-7.3.0/gcc-9.2.0-6zgrndxveon2m5mjhltrqccdcewrdktx/lib -L/hpc/spack/opt/spack/linux-centos7-x86_64/gcc-7.3.0/gcc-9.2.0-6zgrndxveon2m5mjhltrqccdcewrdktx/lib/gcc/x86_64-pc-linux-gnu/9.2.0/../../.. CMakeFiles/cmTryCompileExec307919653.dir/CMakeCCompilerABI.c.o -lgcc --as-needed -lgcc_s --no-as-needed -lc -lgcc --as-needed -lgcc_s --no-as-needed /hpc/spack/opt/spack/linux-centos7-x86_64/gcc-7.3.0/gcc-9.2.0-6zgrndxveon2m5mjhltrqccdcewrdktx/lib/gcc/x86_64-pc-linux-gnu/9.2.0/crtend.o /lib/../lib64/crtn.o]
    arg [/hpc/spack/opt/spack/linux-centos7-x86_64/gcc-7.3.0/gcc-9.2.0-6zgrndxveon2m5mjhltrqccdcewrdktx/libexec/gcc/x86_64-pc-linux-gnu/9.2.0/collect2] ==> ignore
    arg [-plugin] ==> ignore
    arg [/hpc/spack/opt/spack/linux-centos7-x86_64/gcc-7.3.0/gcc-9.2.0-6zgrndxveon2m5mjhltrqccdcewrdktx/libexec/gcc/x86_64-pc-linux-gnu/9.2.0/liblto_plugin.so] ==> ignore
    arg [-plugin-opt=/hpc/spack/opt/spack/linux-centos7-x86_64/gcc-7.3.0/gcc-9.2.0-6zgrndxveon2m5mjhltrqccdcewrdktx/libexec/gcc/x86_64-pc-linux-gnu/9.2.0/lto-wrapper] ==> ignore
    arg [-plugin-opt=-fresolution=/tmp/ccXRYwY1.res] ==> ignore
    arg [-plugin-opt=-pass-through=-lgcc] ==> ignore
    arg [-plugin-opt=-pass-through=-lgcc_s] ==> ignore
    arg [-plugin-opt=-pass-through=-lc] ==> ignore
    arg [-plugin-opt=-pass-through=-lgcc] ==> ignore
    arg [-plugin-opt=-pass-through=-lgcc_s] ==> ignore
    arg [-rpath] ==> ignore
    arg [/hpc/spack/opt/spack/linux-centos7-x86_64/gcc-7.3.0/gcc-9.2.0-6zgrndxveon2m5mjhltrqccdcewrdktx/lib:/hpc/spack/opt/spack/linux-centos7-x86_64/gcc-7.3.0/gcc-9.2.0-6zgrndxveon2m5mjhltrqccdcewrdktx/lib64] ==> ignore
    arg [--eh-frame-hdr] ==> ignore
    arg [-m] ==> ignore
    arg [elf_x86_64] ==> ignore
    arg [-export-dynamic] ==> ignore
    arg [-dynamic-linker] ==> ignore
    arg [/lib64/ld-linux-x86-64.so.2] ==> ignore
    arg [-o] ==> ignore
    arg [cmTryCompileExec307919653] ==> ignore
    arg [/lib/../lib64/crt1.o] ==> ignore
    arg [/lib/../lib64/crti.o] ==> ignore
    arg [/hpc/spack/opt/spack/linux-centos7-x86_64/gcc-7.3.0/gcc-9.2.0-6zgrndxveon2m5mjhltrqccdcewrdktx/lib/gcc/x86_64-pc-linux-gnu/9.2.0/crtbegin.o] ==> ignore
    arg [-L/hpc/spack/opt/spack/linux-centos7-x86_64/gcc-7.3.0/gcc-9.2.0-6zgrndxveon2m5mjhltrqccdcewrdktx/lib64/../lib64] ==> dir [/hpc/spack/opt/spack/linux-centos7-x86_64/gcc-7.3.0/gcc-9.2.0-6zgrndxveon2m5mjhltrqccdcewrdktx/lib64/../lib64]
    arg [-L/hpc/spack/opt/spack/linux-centos7-x86_64/gcc-7.3.0/gcc-9.2.0-6zgrndxveon2m5mjhltrqccdcewrdktx/lib/../lib64] ==> dir [/hpc/spack/opt/spack/linux-centos7-x86_64/gcc-7.3.0/gcc-9.2.0-6zgrndxveon2m5mjhltrqccdcewrdktx/lib/../lib64]
    arg [-L/hpc/spack/opt/spack/linux-centos7-x86_64/gcc-7.3.0/gcc-9.2.0-6zgrndxveon2m5mjhltrqccdcewrdktx/lib/gcc/x86_64-pc-linux-gnu/9.2.0] ==> dir [/hpc/spack/opt/spack/linux-centos7-x86_64/gcc-7.3.0/gcc-9.2.0-6zgrndxveon2m5mjhltrqccdcewrdktx/lib/gcc/x86_64-pc-linux-gnu/9.2.0]
    arg [-L/hpc/spack/opt/spack/linux-centos7-x86_64/gcc-7.3.0/gcc-9.2.0-6zgrndxveon2m5mjhltrqccdcewrdktx/lib/gcc/x86_64-pc-linux-gnu/9.2.0/../../../../lib64] ==> dir [/hpc/spack/opt/spack/linux-centos7-x86_64/gcc-7.3.0/gcc-9.2.0-6zgrndxveon2m5mjhltrqccdcewrdktx/lib/gcc/x86_64-pc-linux-gnu/9.2.0/../../../../lib64]
    arg [-L/lib/../lib64] ==> dir [/lib/../lib64]
    arg [-L/usr/lib/../lib64] ==> dir [/usr/lib/../lib64]
    arg [-L/hpc/spack/opt/spack/linux-centos7-x86_64/gcc-7.3.0/gcc-9.2.0-6zgrndxveon2m5mjhltrqccdcewrdktx/lib64] ==> dir [/hpc/spack/opt/spack/linux-centos7-x86_64/gcc-7.3.0/gcc-9.2.0-6zgrndxveon2m5mjhltrqccdcewrdktx/lib64]
    arg [-L/hpc/spack/opt/spack/linux-centos7-x86_64/gcc-7.3.0/gcc-9.2.0-6zgrndxveon2m5mjhltrqccdcewrdktx/lib] ==> dir [/hpc/spack/opt/spack/linux-centos7-x86_64/gcc-7.3.0/gcc-9.2.0-6zgrndxveon2m5mjhltrqccdcewrdktx/lib]
    arg [-L/hpc/spack/opt/spack/linux-centos7-x86_64/gcc-7.3.0/gcc-9.2.0-6zgrndxveon2m5mjhltrqccdcewrdktx/lib/gcc/x86_64-pc-linux-gnu/9.2.0/../../..] ==> dir [/hpc/spack/opt/spack/linux-centos7-x86_64/gcc-7.3.0/gcc-9.2.0-6zgrndxveon2m5mjhltrqccdcewrdktx/lib/gcc/x86_64-pc-linux-gnu/9.2.0/../../..]
    arg [CMakeFiles/cmTryCompileExec307919653.dir/CMakeCCompilerABI.c.o] ==> ignore
    arg [-lgcc] ==> lib [gcc]
    arg [--as-needed] ==> ignore
    arg [-lgcc_s] ==> lib [gcc_s]
    arg [--no-as-needed] ==> ignore
    arg [-lc] ==> lib [c]
    arg [-lgcc] ==> lib [gcc]
    arg [--as-needed] ==> ignore
    arg [-lgcc_s] ==> lib [gcc_s]
    arg [--no-as-needed] ==> ignore
    arg [/hpc/spack/opt/spack/linux-centos7-x86_64/gcc-7.3.0/gcc-9.2.0-6zgrndxveon2m5mjhltrqccdcewrdktx/lib/gcc/x86_64-pc-linux-gnu/9.2.0/crtend.o] ==> ignore
    arg [/lib/../lib64/crtn.o] ==> ignore
  remove lib [gcc]
  remove lib [gcc_s]
  remove lib [gcc]
  remove lib [gcc_s]
  collapse library dir [/hpc/spack/opt/spack/linux-centos7-x86_64/gcc-7.3.0/gcc-9.2.0-6zgrndxveon2m5mjhltrqccdcewrdktx/lib64/../lib64] ==> [/hpc/spack/opt/spack/linux-centos7-x86_64/gcc-7.3.0/gcc-9.2.0-6zgrndxveon2m5mjhltrqccdcewrdktx/lib64]
  collapse library dir [/hpc/spack/opt/spack/linux-centos7-x86_64/gcc-7.3.0/gcc-9.2.0-6zgrndxveon2m5mjhltrqccdcewrdktx/lib/../lib64] ==> [/hpc/spack/opt/spack/linux-centos7-x86_64/gcc-7.3.0/gcc-9.2.0-6zgrndxveon2m5mjhltrqccdcewrdktx/lib64]
  collapse library dir [/hpc/spack/opt/spack/linux-centos7-x86_64/gcc-7.3.0/gcc-9.2.0-6zgrndxveon2m5mjhltrqccdcewrdktx/lib/gcc/x86_64-pc-linux-gnu/9.2.0] ==> [/hpc/spack/opt/spack/linux-centos7-x86_64/gcc-7.3.0/gcc-9.2.0-6zgrndxveon2m5mjhltrqccdcewrdktx/lib/gcc/x86_64-pc-linux-gnu/9.2.0]
  collapse library dir [/hpc/spack/opt/spack/linux-centos7-x86_64/gcc-7.3.0/gcc-9.2.0-6zgrndxveon2m5mjhltrqccdcewrdktx/lib/gcc/x86_64-pc-linux-gnu/9.2.0/../../../../lib64] ==> [/hpc/spack/opt/spack/linux-centos7-x86_64/gcc-7.3.0/gcc-9.2.0-6zgrndxveon2m5mjhltrqccdcewrdktx/lib64]
  collapse library dir [/lib/../lib64] ==> [/lib64]
  collapse library dir [/usr/lib/../lib64] ==> [/usr/lib64]
  collapse library dir [/hpc/spack/opt/spack/linux-centos7-x86_64/gcc-7.3.0/gcc-9.2.0-6zgrndxveon2m5mjhltrqccdcewrdktx/lib64] ==> [/hpc/spack/opt/spack/linux-centos7-x86_64/gcc-7.3.0/gcc-9.2.0-6zgrndxveon2m5mjhltrqccdcewrdktx/lib64]
  collapse library dir [/hpc/spack/opt/spack/linux-centos7-x86_64/gcc-7.3.0/gcc-9.2.0-6zgrndxveon2m5mjhltrqccdcewrdktx/lib] ==> [/hpc/spack/opt/spack/linux-centos7-x86_64/gcc-7.3.0/gcc-9.2.0-6zgrndxveon2m5mjhltrqccdcewrdktx/lib]
  collapse library dir [/hpc/spack/opt/spack/linux-centos7-x86_64/gcc-7.3.0/gcc-9.2.0-6zgrndxveon2m5mjhltrqccdcewrdktx/lib/gcc/x86_64-pc-linux-gnu/9.2.0/../../..] ==> [/hpc/spack/opt/spack/linux-centos7-x86_64/gcc-7.3.0/gcc-9.2.0-6zgrndxveon2m5mjhltrqccdcewrdktx/lib]
  implicit libs: [c]
  implicit dirs: [/hpc/spack/opt/spack/linux-centos7-x86_64/gcc-7.3.0/gcc-9.2.0-6zgrndxveon2m5mjhltrqccdcewrdktx/lib64;/hpc/spack/opt/spack/linux-centos7-x86_64/gcc-7.3.0/gcc-9.2.0-6zgrndxveon2m5mjhltrqccdcewrdktx/lib/gcc/x86_64-pc-linux-gnu/9.2.0;/lib64;/usr/lib64;/hpc/spack/opt/spack/linux-centos7-x86_64/gcc-7.3.0/gcc-9.2.0-6zgrndxveon2m5mjhltrqccdcewrdktx/lib]
  implicit fwks: []


Determining if the CXX compiler works passed with the following output:
Change Dir: /work/users/rmitra/profile/build/CMakeFiles/CMakeTmp

Run Build Command:/usr/bin/gmake "cmTryCompileExec4161880957/fast"
/usr/bin/gmake -f CMakeFiles/cmTryCompileExec4161880957.dir/build.make CMakeFiles/cmTryCompileExec4161880957.dir/build
gmake[1]: Entering directory `/work/users/rmitra/profile/build/CMakeFiles/CMakeTmp'
/usr/bin/cmake -E cmake_progress_report /work/users/rmitra/profile/build/CMakeFiles/CMakeTmp/CMakeFiles 1
Building CXX object CMakeFiles/cmTryCompileExec4161880957.dir/testCXXCompiler.cxx.o
/hpc/spack/opt/spack/linux-centos7-x86_64/gcc-7.3.0/gcc-9.2.0-6zgrndxveon2m5mjhltrqccdcewrdktx/bin/g++     -o CMakeFiles/cmTryCompileExec4161880957.dir/testCXXCompiler.cxx.o -c /work/users/rmitra/profile/build/CMakeFiles/CMakeTmp/testCXXCompiler.cxx
Linking CXX executable cmTryCompileExec4161880957
/usr/bin/cmake -E cmake_link_script CMakeFiles/cmTryCompileExec4161880957.dir/link.txt --verbose=1
/hpc/spack/opt/spack/linux-centos7-x86_64/gcc-7.3.0/gcc-9.2.0-6zgrndxveon2m5mjhltrqccdcewrdktx/bin/g++        CMakeFiles/cmTryCompileExec4161880957.dir/testCXXCompiler.cxx.o  -o cmTryCompileExec4161880957 -rdynamic 
gmake[1]: Leaving directory `/work/users/rmitra/profile/build/CMakeFiles/CMakeTmp'


Detecting CXX compiler ABI info compiled with the following output:
Change Dir: /work/users/rmitra/profile/build/CMakeFiles/CMakeTmp

Run Build Command:/usr/bin/gmake "cmTryCompileExec1033932169/fast"
/usr/bin/gmake -f CMakeFiles/cmTryCompileExec1033932169.dir/build.make CMakeFiles/cmTryCompileExec1033932169.dir/build
gmake[1]: Entering directory `/work/users/rmitra/profile/build/CMakeFiles/CMakeTmp'
/usr/bin/cmake -E cmake_progress_report /work/users/rmitra/profile/build/CMakeFiles/CMakeTmp/CMakeFiles 1
Building CXX object CMakeFiles/cmTryCompileExec1033932169.dir/CMakeCXXCompilerABI.cpp.o
/hpc/spack/opt/spack/linux-centos7-x86_64/gcc-7.3.0/gcc-9.2.0-6zgrndxveon2m5mjhltrqccdcewrdktx/bin/g++     -o CMakeFiles/cmTryCompileExec1033932169.dir/CMakeCXXCompilerABI.cpp.o -c /usr/share/cmake/Modules/CMakeCXXCompilerABI.cpp
Linking CXX executable cmTryCompileExec1033932169
/usr/bin/cmake -E cmake_link_script CMakeFiles/cmTryCompileExec1033932169.dir/link.txt --verbose=1
/hpc/spack/opt/spack/linux-centos7-x86_64/gcc-7.3.0/gcc-9.2.0-6zgrndxveon2m5mjhltrqccdcewrdktx/bin/g++      -v CMakeFiles/cmTryCompileExec1033932169.dir/CMakeCXXCompilerABI.cpp.o  -o cmTryCompileExec1033932169 -rdynamic  
Reading specs from /hpc/spack/opt/spack/linux-centos7-x86_64/gcc-7.3.0/gcc-9.2.0-6zgrndxveon2m5mjhltrqccdcewrdktx/lib/gcc/x86_64-pc-linux-gnu/9.2.0/specs
COLLECT_GCC=/hpc/spack/opt/spack/linux-centos7-x86_64/gcc-7.3.0/gcc-9.2.0-6zgrndxveon2m5mjhltrqccdcewrdktx/bin/g++
COLLECT_LTO_WRAPPER=/hpc/spack/opt/spack/linux-centos7-x86_64/gcc-7.3.0/gcc-9.2.0-6zgrndxveon2m5mjhltrqccdcewrdktx/libexec/gcc/x86_64-pc-linux-gnu/9.2.0/lto-wrapper
Target: x86_64-pc-linux-gnu
Configured with: /tmp/spack/spack-stage/spack-stage-gcc-9.2.0-6zgrndxveon2m5mjhltrqccdcewrdktx/spack-src/configure --prefix=/hpc/spack/opt/spack/linux-centos7-x86_64/gcc-7.3.0/gcc-9.2.0-6zgrndxveon2m5mjhltrqccdcewrdktx --with-pkgversion='Spack GCC' --with-bugurl=https://github.com/spack/spack/issues --disable-multilib --enable-languages=c,c++,fortran --disable-nls --with-mpfr=/hpc/spack/opt/spack/linux-centos7-x86_64/gcc-7.3.0/mpfr-3.1.6-hfkhmuui5pe5nyaxf5uzsawbpgq2424q --with-gmp=/hpc/spack/opt/spack/linux-centos7-x86_64/gcc-7.3.0/gmp-6.1.2-gindjnfkjlgdtaetw4qztkd4g4yj45uw --with-system-zlib --with-mpc=/hpc/spack/opt/spack/linux-centos7-x86_64/gcc-7.3.0/mpc-1.1.0-k3fsdtbj3t5ienepptvznhgz2jfdr5xo --with-isl=/hpc/spack/opt/spack/linux-centos7-x86_64/gcc-7.3.0/isl-0.20-nzlsqayqp3iuwg7np7fx2gj5alhxkgjw
Thread model: posix
gcc version 9.2.0 (Spack GCC) 
COMPILER_PATH=/hpc/spack/opt/spack/linux-centos7-x86_64/gcc-7.3.0/gcc-9.2.0-6zgrndxveon2m5mjhltrqccdcewrdktx/libexec/gcc/x86_64-pc-linux-gnu/9.2.0/:/hpc/spack/opt/spack/linux-centos7-x86_64/gcc-7.3.0/gcc-9.2.0-6zgrndxveon2m5mjhltrqccdcewrdktx/libexec/gcc/x86_64-pc-linux-gnu/9.2.0/:/hpc/spack/opt/spack/linux-centos7-x86_64/gcc-7.3.0/gcc-9.2.0-6zgrndxveon2m5mjhltrqccdcewrdktx/libexec/gcc/x86_64-pc-linux-gnu/:/hpc/spack/opt/spack/linux-centos7-x86_64/gcc-7.3.0/gcc-9.2.0-6zgrndxveon2m5mjhltrqccdcewrdktx/lib/gcc/x86_64-pc-linux-gnu/9.2.0/:/hpc/spack/opt/spack/linux-centos7-x86_64/gcc-7.3.0/gcc-9.2.0-6zgrndxveon2m5mjhltrqccdcewrdktx/lib/gcc/x86_64-pc-linux-gnu/
LIBRARY_PATH=/hpc/spack/opt/spack/linux-centos7-x86_64/gcc-7.3.0/gcc-9.2.0-6zgrndxveon2m5mjhltrqccdcewrdktx/lib64/../lib64/:/hpc/spack/opt/spack/linux-centos7-x86_64/gcc-7.3.0/gcc-9.2.0-6zgrndxveon2m5mjhltrqccdcewrdktx/lib/../lib64/:/hpc/spack/opt/spack/linux-centos7-x86_64/gcc-7.3.0/gcc-9.2.0-6zgrndxveon2m5mjhltrqccdcewrdktx/lib/gcc/x86_64-pc-linux-gnu/9.2.0/:/hpc/spack/opt/spack/linux-centos7-x86_64/gcc-7.3.0/gcc-9.2.0-6zgrndxveon2m5mjhltrqccdcewrdktx/lib/gcc/x86_64-pc-linux-gnu/9.2.0/../../../../lib64/:/lib/../lib64/:/usr/lib/../lib64/:/hpc/spack/opt/spack/linux-centos7-x86_64/gcc-7.3.0/gcc-9.2.0-6zgrndxveon2m5mjhltrqccdcewrdktx/lib64/:/hpc/spack/opt/spack/linux-centos7-x86_64/gcc-7.3.0/gcc-9.2.0-6zgrndxveon2m5mjhltrqccdcewrdktx/lib/:/hpc/spack/opt/spack/linux-centos7-x86_64/gcc-7.3.0/gcc-9.2.0-6zgrndxveon2m5mjhltrqccdcewrdktx/lib/gcc/x86_64-pc-linux-gnu/9.2.0/../../../:/lib/:/usr/lib/
COLLECT_GCC_OPTIONS='-v' '-o' 'cmTryCompileExec1033932169' '-rdynamic' '-shared-libgcc' '-mtune=generic' '-march=x86-64'
 /hpc/spack/opt/spack/linux-centos7-x86_64/gcc-7.3.0/gcc-9.2.0-6zgrndxveon2m5mjhltrqccdcewrdktx/libexec/gcc/x86_64-pc-linux-gnu/9.2.0/collect2 -plugin /hpc/spack/opt/spack/linux-centos7-x86_64/gcc-7.3.0/gcc-9.2.0-6zgrndxveon2m5mjhltrqccdcewrdktx/libexec/gcc/x86_64-pc-linux-gnu/9.2.0/liblto_plugin.so -plugin-opt=/hpc/spack/opt/spack/linux-centos7-x86_64/gcc-7.3.0/gcc-9.2.0-6zgrndxveon2m5mjhltrqccdcewrdktx/libexec/gcc/x86_64-pc-linux-gnu/9.2.0/lto-wrapper -plugin-opt=-fresolution=/tmp/ccuiZY0u.res -plugin-opt=-pass-through=-lgcc_s -plugin-opt=-pass-through=-lgcc -plugin-opt=-pass-through=-lc -plugin-opt=-pass-through=-lgcc_s -plugin-opt=-pass-through=-lgcc -rpath /hpc/spack/opt/spack/linux-centos7-x86_64/gcc-7.3.0/gcc-9.2.0-6zgrndxveon2m5mjhltrqccdcewrdktx/lib:/hpc/spack/opt/spack/linux-centos7-x86_64/gcc-7.3.0/gcc-9.2.0-6zgrndxveon2m5mjhltrqccdcewrdktx/lib64 --eh-frame-hdr -m elf_x86_64 -export-dynamic -dynamic-linker /lib64/ld-linux-x86-64.so.2 -o cmTryCompileExec1033932169 /lib/../lib64/crt1.o /lib/../lib64/crti.o /hpc/spack/opt/spack/linux-centos7-x86_64/gcc-7.3.0/gcc-9.2.0-6zgrndxveon2m5mjhltrqccdcewrdktx/lib/gcc/x86_64-pc-linux-gnu/9.2.0/crtbegin.o -L/hpc/spack/opt/spack/linux-centos7-x86_64/gcc-7.3.0/gcc-9.2.0-6zgrndxveon2m5mjhltrqccdcewrdktx/lib64/../lib64 -L/hpc/spack/opt/spack/linux-centos7-x86_64/gcc-7.3.0/gcc-9.2.0-6zgrndxveon2m5mjhltrqccdcewrdktx/lib/../lib64 -L/hpc/spack/opt/spack/linux-centos7-x86_64/gcc-7.3.0/gcc-9.2.0-6zgrndxveon2m5mjhltrqccdcewrdktx/lib/gcc/x86_64-pc-linux-gnu/9.2.0 -L/hpc/spack/opt/spack/linux-centos7-x86_64/gcc-7.3.0/gcc-9.2.0-6zgrndxveon2m5mjhltrqccdcewrdktx/lib/gcc/x86_64-pc-linux-gnu/9.2.0/../../../../lib64 -L/lib/../lib64 -L/usr/lib/../lib64 -L/hpc/spack/opt/spack/linux-centos7-x86_64/gcc-7.3.0/gcc-9.2.0-6zgrndxveon2m5mjhltrqccdcewrdktx/lib64 -L/hpc/spack/opt/spack/linux-centos7-x86_64/gcc-7.3.0/gcc-9.2.0-6zgrndxveon2m5mjhltrqccdcewrdktx/lib -L/hpc/spack/opt/spack/linux-centos7-x86_64/gcc-7.3.0/gcc-9.2.0-6zgrndxveon2m5mjhltrqccdcewrdktx/lib/gcc/x86_64-pc-linux-gnu/9.2.0/../../.. CMakeFiles/cmTryCompileExec1033932169.dir/CMakeCXXCompilerABI.cpp.o -lstdc++ -lm -lgcc_s -lgcc -lc -lgcc_s -lgcc /hpc/spack/opt/spack/linux-centos7-x86_64/gcc-7.3.0/gcc-9.2.0-6zgrndxveon2m5mjhltrqccdcewrdktx/lib/gcc/x86_64-pc-linux-gnu/9.2.0/crtend.o /lib/../lib64/crtn.o
COLLECT_GCC_OPTIONS='-v' '-o' 'cmTryCompileExec1033932169' '-rdynamic' '-shared-libgcc' '-mtune=generic' '-march=x86-64'
gmake[1]: Leaving directory `/work/users/rmitra/profile/build/CMakeFiles/CMakeTmp'


Parsed CXX implicit link information from above output:
  link line regex: [^( *|.*[/\])(ld|([^/\]+-)?ld|collect2)[^/\]*( |$)]
  ignore line: [Change Dir: /work/users/rmitra/profile/build/CMakeFiles/CMakeTmp]
  ignore line: []
  ignore line: [Run Build Command:/usr/bin/gmake "cmTryCompileExec1033932169/fast"]
  ignore line: [/usr/bin/gmake -f CMakeFiles/cmTryCompileExec1033932169.dir/build.make CMakeFiles/cmTryCompileExec1033932169.dir/build]
  ignore line: [gmake[1]: Entering directory `/work/users/rmitra/profile/build/CMakeFiles/CMakeTmp']
  ignore line: [/usr/bin/cmake -E cmake_progress_report /work/users/rmitra/profile/build/CMakeFiles/CMakeTmp/CMakeFiles 1]
  ignore line: [Building CXX object CMakeFiles/cmTryCompileExec1033932169.dir/CMakeCXXCompilerABI.cpp.o]
  ignore line: [/hpc/spack/opt/spack/linux-centos7-x86_64/gcc-7.3.0/gcc-9.2.0-6zgrndxveon2m5mjhltrqccdcewrdktx/bin/g++     -o CMakeFiles/cmTryCompileExec1033932169.dir/CMakeCXXCompilerABI.cpp.o -c /usr/share/cmake/Modules/CMakeCXXCompilerABI.cpp]
  ignore line: [Linking CXX executable cmTryCompileExec1033932169]
  ignore line: [/usr/bin/cmake -E cmake_link_script CMakeFiles/cmTryCompileExec1033932169.dir/link.txt --verbose=1]
  ignore line: [/hpc/spack/opt/spack/linux-centos7-x86_64/gcc-7.3.0/gcc-9.2.0-6zgrndxveon2m5mjhltrqccdcewrdktx/bin/g++      -v CMakeFiles/cmTryCompileExec1033932169.dir/CMakeCXXCompilerABI.cpp.o  -o cmTryCompileExec1033932169 -rdynamic  ]
  ignore line: [Reading specs from /hpc/spack/opt/spack/linux-centos7-x86_64/gcc-7.3.0/gcc-9.2.0-6zgrndxveon2m5mjhltrqccdcewrdktx/lib/gcc/x86_64-pc-linux-gnu/9.2.0/specs]
  ignore line: [COLLECT_GCC=/hpc/spack/opt/spack/linux-centos7-x86_64/gcc-7.3.0/gcc-9.2.0-6zgrndxveon2m5mjhltrqccdcewrdktx/bin/g++]
  ignore line: [COLLECT_LTO_WRAPPER=/hpc/spack/opt/spack/linux-centos7-x86_64/gcc-7.3.0/gcc-9.2.0-6zgrndxveon2m5mjhltrqccdcewrdktx/libexec/gcc/x86_64-pc-linux-gnu/9.2.0/lto-wrapper]
  ignore line: [Target: x86_64-pc-linux-gnu]
  ignore line: [Configured with: /tmp/spack/spack-stage/spack-stage-gcc-9.2.0-6zgrndxveon2m5mjhltrqccdcewrdktx/spack-src/configure --prefix=/hpc/spack/opt/spack/linux-centos7-x86_64/gcc-7.3.0/gcc-9.2.0-6zgrndxveon2m5mjhltrqccdcewrdktx --with-pkgversion='Spack GCC' --with-bugurl=https://github.com/spack/spack/issues --disable-multilib --enable-languages=c,c++,fortran --disable-nls --with-mpfr=/hpc/spack/opt/spack/linux-centos7-x86_64/gcc-7.3.0/mpfr-3.1.6-hfkhmuui5pe5nyaxf5uzsawbpgq2424q --with-gmp=/hpc/spack/opt/spack/linux-centos7-x86_64/gcc-7.3.0/gmp-6.1.2-gindjnfkjlgdtaetw4qztkd4g4yj45uw --with-system-zlib --with-mpc=/hpc/spack/opt/spack/linux-centos7-x86_64/gcc-7.3.0/mpc-1.1.0-k3fsdtbj3t5ienepptvznhgz2jfdr5xo --with-isl=/hpc/spack/opt/spack/linux-centos7-x86_64/gcc-7.3.0/isl-0.20-nzlsqayqp3iuwg7np7fx2gj5alhxkgjw]
  ignore line: [Thread model: posix]
  ignore line: [gcc version 9.2.0 (Spack GCC) ]
  ignore line: [COMPILER_PATH=/hpc/spack/opt/spack/linux-centos7-x86_64/gcc-7.3.0/gcc-9.2.0-6zgrndxveon2m5mjhltrqccdcewrdktx/libexec/gcc/x86_64-pc-linux-gnu/9.2.0/:/hpc/spack/opt/spack/linux-centos7-x86_64/gcc-7.3.0/gcc-9.2.0-6zgrndxveon2m5mjhltrqccdcewrdktx/libexec/gcc/x86_64-pc-linux-gnu/9.2.0/:/hpc/spack/opt/spack/linux-centos7-x86_64/gcc-7.3.0/gcc-9.2.0-6zgrndxveon2m5mjhltrqccdcewrdktx/libexec/gcc/x86_64-pc-linux-gnu/:/hpc/spack/opt/spack/linux-centos7-x86_64/gcc-7.3.0/gcc-9.2.0-6zgrndxveon2m5mjhltrqccdcewrdktx/lib/gcc/x86_64-pc-linux-gnu/9.2.0/:/hpc/spack/opt/spack/linux-centos7-x86_64/gcc-7.3.0/gcc-9.2.0-6zgrndxveon2m5mjhltrqccdcewrdktx/lib/gcc/x86_64-pc-linux-gnu/]
  ignore line: [LIBRARY_PATH=/hpc/spack/opt/spack/linux-centos7-x86_64/gcc-7.3.0/gcc-9.2.0-6zgrndxveon2m5mjhltrqccdcewrdktx/lib64/../lib64/:/hpc/spack/opt/spack/linux-centos7-x86_64/gcc-7.3.0/gcc-9.2.0-6zgrndxveon2m5mjhltrqccdcewrdktx/lib/../lib64/:/hpc/spack/opt/spack/linux-centos7-x86_64/gcc-7.3.0/gcc-9.2.0-6zgrndxveon2m5mjhltrqccdcewrdktx/lib/gcc/x86_64-pc-linux-gnu/9.2.0/:/hpc/spack/opt/spack/linux-centos7-x86_64/gcc-7.3.0/gcc-9.2.0-6zgrndxveon2m5mjhltrqccdcewrdktx/lib/gcc/x86_64-pc-linux-gnu/9.2.0/../../../../lib64/:/lib/../lib64/:/usr/lib/../lib64/:/hpc/spack/opt/spack/linux-centos7-x86_64/gcc-7.3.0/gcc-9.2.0-6zgrndxveon2m5mjhltrqccdcewrdktx/lib64/:/hpc/spack/opt/spack/linux-centos7-x86_64/gcc-7.3.0/gcc-9.2.0-6zgrndxveon2m5mjhltrqccdcewrdktx/lib/:/hpc/spack/opt/spack/linux-centos7-x86_64/gcc-7.3.0/gcc-9.2.0-6zgrndxveon2m5mjhltrqccdcewrdktx/lib/gcc/x86_64-pc-linux-gnu/9.2.0/../../../:/lib/:/usr/lib/]
  ignore line: [COLLECT_GCC_OPTIONS='-v' '-o' 'cmTryCompileExec1033932169' '-rdynamic' '-shared-libgcc' '-mtune=generic' '-march=x86-64']
  link line: [ /hpc/spack/opt/spack/linux-centos7-x86_64/gcc-7.3.0/gcc-9.2.0-6zgrndxveon2m5mjhltrqccdcewrdktx/libexec/gcc/x86_64-pc-linux-gnu/9.2.0/collect2 -plugin /hpc/spack/opt/spack/linux-centos7-x86_64/gcc-7.3.0/gcc-9.2.0-6zgrndxveon2m5mjhltrqccdcewrdktx/libexec/gcc/x86_64-pc-linux-gnu/9.2.0/liblto_plugin.so -plugin-opt=/hpc/spack/opt/spack/linux-centos7-x86_64/gcc-7.3.0/gcc-9.2.0-6zgrndxveon2m5mjhltrqccdcewrdktx/libexec/gcc/x86_64-pc-linux-gnu/9.2.0/lto-wrapper -plugin-opt=-fresolution=/tmp/ccuiZY0u.res -plugin-opt=-pass-through=-lgcc_s -plugin-opt=-pass-through=-lgcc -plugin-opt=-pass-through=-lc -plugin-opt=-pass-through=-lgcc_s -plugin-opt=-pass-through=-lgcc -rpath /hpc/spack/opt/spack/linux-centos7-x86_64/gcc-7.3.0/gcc-9.2.0-6zgrndxveon2m5mjhltrqccdcewrdktx/lib:/hpc/spack/opt/spack/linux-centos7-x86_64/gcc-7.3.0/gcc-9.2.0-6zgrndxveon2m5mjhltrqccdcewrdktx/lib64 --eh-frame-hdr -m elf_x86_64 -export-dynamic -dynamic-linker /lib64/ld-linux-x86-64.so.2 -o cmTryCompileExec1033932169 /lib/../lib64/crt1.o /lib/../lib64/crti.o /hpc/spack/opt/spack/linux-centos7-x86_64/gcc-7.3.0/gcc-9.2.0-6zgrndxveon2m5mjhltrqccdcewrdktx/lib/gcc/x86_64-pc-linux-gnu/9.2.0/crtbegin.o -L/hpc/spack/opt/spack/linux-centos7-x86_64/gcc-7.3.0/gcc-9.2.0-6zgrndxveon2m5mjhltrqccdcewrdktx/lib64/../lib64 -L/hpc/spack/opt/spack/linux-centos7-x86_64/gcc-7.3.0/gcc-9.2.0-6zgrndxveon2m5mjhltrqccdcewrdktx/lib/../lib64 -L/hpc/spack/opt/spack/linux-centos7-x86_64/gcc-7.3.0/gcc-9.2.0-6zgrndxveon2m5mjhltrqccdcewrdktx/lib/gcc/x86_64-pc-linux-gnu/9.2.0 -L/hpc/spack/opt/spack/linux-centos7-x86_64/gcc-7.3.0/gcc-9.2.0-6zgrndxveon2m5mjhltrqccdcewrdktx/lib/gcc/x86_64-pc-linux-gnu/9.2.0/../../../../lib64 -L/lib/../lib64 -L/usr/lib/../lib64 -L/hpc/spack/opt/spack/linux-centos7-x86_64/gcc-7.3.0/gcc-9.2.0-6zgrndxveon2m5mjhltrqccdcewrdktx/lib64 -L/hpc/spack/opt/spack/linux-centos7-x86_64/gcc-7.3.0/gcc-9.2.0-6zgrndxveon2m5mjhltrqccdcewrdktx/lib -L/hpc/spack/opt/spack/linux-centos7-x86_64/gcc-7.3.0/gcc-9.2.0-6zgrndxveon2m5mjhltrqccdcewrdktx/lib/gcc/x86_64-pc-linux-gnu/9.2.0/../../.. CMakeFiles/cmTryCompileExec1033932169.dir/CMakeCXXCompilerABI.cpp.o -lstdc++ -lm -lgcc_s -lgcc -lc -lgcc_s -lgcc /hpc/spack/opt/spack/linux-centos7-x86_64/gcc-7.3.0/gcc-9.2.0-6zgrndxveon2m5mjhltrqccdcewrdktx/lib/gcc/x86_64-pc-linux-gnu/9.2.0/crtend.o /lib/../lib64/crtn.o]
    arg [/hpc/spack/opt/spack/linux-centos7-x86_64/gcc-7.3.0/gcc-9.2.0-6zgrndxveon2m5mjhltrqccdcewrdktx/libexec/gcc/x86_64-pc-linux-gnu/9.2.0/collect2] ==> ignore
    arg [-plugin] ==> ignore
    arg [/hpc/spack/opt/spack/linux-centos7-x86_64/gcc-7.3.0/gcc-9.2.0-6zgrndxveon2m5mjhltrqccdcewrdktx/libexec/gcc/x86_64-pc-linux-gnu/9.2.0/liblto_plugin.so] ==> ignore
    arg [-plugin-opt=/hpc/spack/opt/spack/linux-centos7-x86_64/gcc-7.3.0/gcc-9.2.0-6zgrndxveon2m5mjhltrqccdcewrdktx/libexec/gcc/x86_64-pc-linux-gnu/9.2.0/lto-wrapper] ==> ignore
    arg [-plugin-opt=-fresolution=/tmp/ccuiZY0u.res] ==> ignore
    arg [-plugin-opt=-pass-through=-lgcc_s] ==> ignore
    arg [-plugin-opt=-pass-through=-lgcc] ==> ignore
    arg [-plugin-opt=-pass-through=-lc] ==> ignore
    arg [-plugin-opt=-pass-through=-lgcc_s] ==> ignore
    arg [-plugin-opt=-pass-through=-lgcc] ==> ignore
    arg [-rpath] ==> ignore
    arg [/hpc/spack/opt/spack/linux-centos7-x86_64/gcc-7.3.0/gcc-9.2.0-6zgrndxveon2m5mjhltrqccdcewrdktx/lib:/hpc/spack/opt/spack/linux-centos7-x86_64/gcc-7.3.0/gcc-9.2.0-6zgrndxveon2m5mjhltrqccdcewrdktx/lib64] ==> ignore
    arg [--eh-frame-hdr] ==> ignore
    arg [-m] ==> ignore
    arg [elf_x86_64] ==> ignore
    arg [-export-dynamic] ==> ignore
    arg [-dynamic-linker] ==> ignore
    arg [/lib64/ld-linux-x86-64.so.2] ==> ignore
    arg [-o] ==> ignore
    arg [cmTryCompileExec1033932169] ==> ignore
    arg [/lib/../lib64/crt1.o] ==> ignore
    arg [/lib/../lib64/crti.o] ==> ignore
    arg [/hpc/spack/opt/spack/linux-centos7-x86_64/gcc-7.3.0/gcc-9.2.0-6zgrndxveon2m5mjhltrqccdcewrdktx/lib/gcc/x86_64-pc-linux-gnu/9.2.0/crtbegin.o] ==> ignore
    arg [-L/hpc/spack/opt/spack/linux-centos7-x86_64/gcc-7.3.0/gcc-9.2.0-6zgrndxveon2m5mjhltrqccdcewrdktx/lib64/../lib64] ==> dir [/hpc/spack/opt/spack/linux-centos7-x86_64/gcc-7.3.0/gcc-9.2.0-6zgrndxveon2m5mjhltrqccdcewrdktx/lib64/../lib64]
    arg [-L/hpc/spack/opt/spack/linux-centos7-x86_64/gcc-7.3.0/gcc-9.2.0-6zgrndxveon2m5mjhltrqccdcewrdktx/lib/../lib64] ==> dir [/hpc/spack/opt/spack/linux-centos7-x86_64/gcc-7.3.0/gcc-9.2.0-6zgrndxveon2m5mjhltrqccdcewrdktx/lib/../lib64]
    arg [-L/hpc/spack/opt/spack/linux-centos7-x86_64/gcc-7.3.0/gcc-9.2.0-6zgrndxveon2m5mjhltrqccdcewrdktx/lib/gcc/x86_64-pc-linux-gnu/9.2.0] ==> dir [/hpc/spack/opt/spack/linux-centos7-x86_64/gcc-7.3.0/gcc-9.2.0-6zgrndxveon2m5mjhltrqccdcewrdktx/lib/gcc/x86_64-pc-linux-gnu/9.2.0]
    arg [-L/hpc/spack/opt/spack/linux-centos7-x86_64/gcc-7.3.0/gcc-9.2.0-6zgrndxveon2m5mjhltrqccdcewrdktx/lib/gcc/x86_64-pc-linux-gnu/9.2.0/../../../../lib64] ==> dir [/hpc/spack/opt/spack/linux-centos7-x86_64/gcc-7.3.0/gcc-9.2.0-6zgrndxveon2m5mjhltrqccdcewrdktx/lib/gcc/x86_64-pc-linux-gnu/9.2.0/../../../../lib64]
    arg [-L/lib/../lib64] ==> dir [/lib/../lib64]
    arg [-L/usr/lib/../lib64] ==> dir [/usr/lib/../lib64]
    arg [-L/hpc/spack/opt/spack/linux-centos7-x86_64/gcc-7.3.0/gcc-9.2.0-6zgrndxveon2m5mjhltrqccdcewrdktx/lib64] ==> dir [/hpc/spack/opt/spack/linux-centos7-x86_64/gcc-7.3.0/gcc-9.2.0-6zgrndxveon2m5mjhltrqccdcewrdktx/lib64]
    arg [-L/hpc/spack/opt/spack/linux-centos7-x86_64/gcc-7.3.0/gcc-9.2.0-6zgrndxveon2m5mjhltrqccdcewrdktx/lib] ==> dir [/hpc/spack/opt/spack/linux-centos7-x86_64/gcc-7.3.0/gcc-9.2.0-6zgrndxveon2m5mjhltrqccdcewrdktx/lib]
    arg [-L/hpc/spack/opt/spack/linux-centos7-x86_64/gcc-7.3.0/gcc-9.2.0-6zgrndxveon2m5mjhltrqccdcewrdktx/lib/gcc/x86_64-pc-linux-gnu/9.2.0/../../..] ==> dir [/hpc/spack/opt/spack/linux-centos7-x86_64/gcc-7.3.0/gcc-9.2.0-6zgrndxveon2m5mjhltrqccdcewrdktx/lib/gcc/x86_64-pc-linux-gnu/9.2.0/../../..]
    arg [CMakeFiles/cmTryCompileExec1033932169.dir/CMakeCXXCompilerABI.cpp.o] ==> ignore
    arg [-lstdc++] ==> lib [stdc++]
    arg [-lm] ==> lib [m]
    arg [-lgcc_s] ==> lib [gcc_s]
    arg [-lgcc] ==> lib [gcc]
    arg [-lc] ==> lib [c]
    arg [-lgcc_s] ==> lib [gcc_s]
    arg [-lgcc] ==> lib [gcc]
    arg [/hpc/spack/opt/spack/linux-centos7-x86_64/gcc-7.3.0/gcc-9.2.0-6zgrndxveon2m5mjhltrqccdcewrdktx/lib/gcc/x86_64-pc-linux-gnu/9.2.0/crtend.o] ==> ignore
    arg [/lib/../lib64/crtn.o] ==> ignore
  remove lib [gcc_s]
  remove lib [gcc]
  remove lib [gcc_s]
  remove lib [gcc]
  collapse library dir [/hpc/spack/opt/spack/linux-centos7-x86_64/gcc-7.3.0/gcc-9.2.0-6zgrndxveon2m5mjhltrqccdcewrdktx/lib64/../lib64] ==> [/hpc/spack/opt/spack/linux-centos7-x86_64/gcc-7.3.0/gcc-9.2.0-6zgrndxveon2m5mjhltrqccdcewrdktx/lib64]
  collapse library dir [/hpc/spack/opt/spack/linux-centos7-x86_64/gcc-7.3.0/gcc-9.2.0-6zgrndxveon2m5mjhltrqccdcewrdktx/lib/../lib64] ==> [/hpc/spack/opt/spack/linux-centos7-x86_64/gcc-7.3.0/gcc-9.2.0-6zgrndxveon2m5mjhltrqccdcewrdktx/lib64]
  collapse library dir [/hpc/spack/opt/spack/linux-centos7-x86_64/gcc-7.3.0/gcc-9.2.0-6zgrndxveon2m5mjhltrqccdcewrdktx/lib/gcc/x86_64-pc-linux-gnu/9.2.0] ==> [/hpc/spack/opt/spack/linux-centos7-x86_64/gcc-7.3.0/gcc-9.2.0-6zgrndxveon2m5mjhltrqccdcewrdktx/lib/gcc/x86_64-pc-linux-gnu/9.2.0]
  collapse library dir [/hpc/spack/opt/spack/linux-centos7-x86_64/gcc-7.3.0/gcc-9.2.0-6zgrndxveon2m5mjhltrqccdcewrdktx/lib/gcc/x86_64-pc-linux-gnu/9.2.0/../../../../lib64] ==> [/hpc/spack/opt/spack/linux-centos7-x86_64/gcc-7.3.0/gcc-9.2.0-6zgrndxveon2m5mjhltrqccdcewrdktx/lib64]
  collapse library dir [/lib/../lib64] ==> [/lib64]
  collapse library dir [/usr/lib/../lib64] ==> [/usr/lib64]
  collapse library dir [/hpc/spack/opt/spack/linux-centos7-x86_64/gcc-7.3.0/gcc-9.2.0-6zgrndxveon2m5mjhltrqccdcewrdktx/lib64] ==> [/hpc/spack/opt/spack/linux-centos7-x86_64/gcc-7.3.0/gcc-9.2.0-6zgrndxveon2m5mjhltrqccdcewrdktx/lib64]
  collapse library dir [/hpc/spack/opt/spack/linux-centos7-x86_64/gcc-7.3.0/gcc-9.2.0-6zgrndxveon2m5mjhltrqccdcewrdktx/lib] ==> [/hpc/spack/opt/spack/linux-centos7-x86_64/gcc-7.3.0/gcc-9.2.0-6zgrndxveon2m5mjhltrqccdcewrdktx/lib]
  collapse library dir [/hpc/spack/opt/spack/linux-centos7-x86_64/gcc-7.3.0/gcc-9.2.0-6zgrndxveon2m5mjhltrqccdcewrdktx/lib/gcc/x86_64-pc-linux-gnu/9.2.0/../../..] ==> [/hpc/spack/opt/spack/linux-centos7-x86_64/gcc-7.3.0/gcc-9.2.0-6zgrndxveon2m5mjhltrqccdcewrdktx/lib]
  implicit libs: [stdc++;m;c]
  implicit dirs: [/hpc/spack/opt/spack/linux-centos7-x86_64/gcc-7.3.0/gcc-9.2.0-6zgrndxveon2m5mjhltrqccdcewrdktx/lib64;/hpc/spack/opt/spack/linux-centos7-x86_64/gcc-7.3.0/gcc-9.2.0-6zgrndxveon2m5mjhltrqccdcewrdktx/lib/gcc/x86_64-pc-linux-gnu/9.2.0;/lib64;/usr/lib64;/hpc/spack/opt/spack/linux-centos7-x86_64/gcc-7.3.0/gcc-9.2.0-6zgrndxveon2m5mjhltrqccdcewrdktx/lib]
  implicit fwks: []


